<?xml version="1.0" encoding="UTF-8"?>
<!-- Generated by org.testng.reporters.JUnitReportReporter -->
<testsuite hostname="Ganesh" failures="0" tests="1" name="com.vtiger.practice.DatePicker" time="4.868" errors="0" timestamp="06 Jun 2022 07:28:56 GMT" skipped="0">
  <testcase classname="com.vtiger.practice.DatePicker" name="DatePick" time="4.868"/>
</testsuite> <!-- com.vtiger.practice.DatePicker -->
