<?xml version="1.0" encoding="UTF-8"?>
<!-- Generated by org.testng.reporters.JUnitReportReporter -->
<testsuite hostname="Ganesh" failures="0" tests="1" name="com.vtiger.productsTest.CreateProductsTest" time="6.805" errors="0" timestamp="24 May 2022 10:45:36 GMT" skipped="0">
  <testcase classname="com.vtiger.productsTest.CreateProductsTest" name="createProductsTest" time="6.805"/>
</testsuite> <!-- com.vtiger.productsTest.CreateProductsTest -->
