<?xml version="1.0" encoding="UTF-8"?>
<!-- Generated by org.testng.reporters.JUnitReportReporter -->
<testsuite hostname="Ganesh" failures="0" tests="3" name="com.vtiger.practice.TestNgPracticeTest" time="0.007" errors="0" timestamp="19 May 2022 05:24:51 GMT" skipped="0">
  <testcase classname="com.vtiger.practice.TestNgPracticeTest" name="testPractice2Test" time="0.003"/>
  <testcase classname="com.vtiger.practice.TestNgPracticeTest" name="testPractice3Test" time="0.001"/>
  <testcase classname="com.vtiger.practice.TestNgPracticeTest" name="testPractice1Test" time="0.003"/>
</testsuite> <!-- com.vtiger.practice.TestNgPracticeTest -->
