<?xml version="1.0" encoding="UTF-8"?>
<!-- Generated by org.testng.reporters.JUnitReportReporter -->
<testsuite hostname="Ganesh" failures="0" tests="1" name="com.vtiger.assignmentorganizationsTest.CreateOrganizationWithAssignToUserAsAdminstratorTest" time="20.930" errors="0" timestamp="18 May 2022 07:21:07 GMT" skipped="0">
  <testcase classname="com.vtiger.assignmentorganizationsTest.CreateOrganizationWithAssignToUserAsAdminstratorTest" name="createOrganizationWithAssignToUserAsAdminstrator" time="20.930"/>
</testsuite> <!-- com.vtiger.assignmentorganizationsTest.CreateOrganizationWithAssignToUserAsAdminstratorTest -->
