<?xml version="1.0" encoding="UTF-8"?>
<!-- Generated by org.testng.reporters.JUnitReportReporter -->
<testsuite hostname="Ganesh" failures="0" tests="1" name="com.vtiger.assignmentorganizationsTest.CreateOrganizationsWithMemberofAndClearTest" time="31.198" errors="0" timestamp="18 May 2022 07:15:01 GMT" skipped="0">
  <testcase classname="com.vtiger.assignmentorganizationsTest.CreateOrganizationsWithMemberofAndClearTest" name="createOrganizationsWithMemberOfTest" time="31.198"/>
</testsuite> <!-- com.vtiger.assignmentorganizationsTest.CreateOrganizationsWithMemberofAndClearTest -->
