<?xml version="1.0" encoding="UTF-8"?>
<!-- Generated by org.testng.reporters.JUnitReportReporter -->
<testsuite hostname="Ganesh" failures="0" tests="1" name="com.vtiger.campaignTest.CreateCampaignWithProductTest" time="14.788" errors="0" timestamp="23 May 2022 16:07:07 GMT" skipped="0">
  <testcase classname="com.vtiger.campaignTest.CreateCampaignWithProductTest" name="createCampaignWithProductTest" time="14.788"/>
</testsuite> <!-- com.vtiger.campaignTest.CreateCampaignWithProductTest -->
