<?xml version="1.0" encoding="UTF-8"?>
<!-- Generated by org.testng.reporters.JUnitReportReporter -->
<testsuite hostname="Ganesh" failures="0" tests="1" name="com.vtiger.assignmentorganizationsTest.CreateOrganizationsWithMemberOf" time="26.506" errors="0" timestamp="18 May 2022 07:10:03 GMT" skipped="0">
  <testcase classname="com.vtiger.assignmentorganizationsTest.CreateOrganizationsWithMemberOf" name="createOrganizationsWithMemberOf" time="26.506"/>
</testsuite> <!-- com.vtiger.assignmentorganizationsTest.CreateOrganizationsWithMemberOf -->
