<?xml version="1.0" encoding="UTF-8"?>
<!-- Generated by org.testng.reporters.JUnitReportReporter -->
<testsuite hostname="Ganesh" failures="0" tests="1" name="com.vtiger.documentsTest.CreateDocumentsTest" time="19.744" errors="0" timestamp="24 May 2022 05:56:21 GMT" skipped="0">
  <testcase classname="com.vtiger.documentsTest.CreateDocumentsTest" name="createCampaignTest" time="19.744"/>
</testsuite> <!-- com.vtiger.documentsTest.CreateDocumentsTest -->
