<?xml version="1.0" encoding="UTF-8"?>
<!-- Generated by org.testng.reporters.JUnitReportReporter -->
<testsuite hostname="Ganesh" failures="0" tests="1" name="com.vtiger.campaignTest.CreateCampaignTest" time="12.821" errors="0" timestamp="24 May 2022 10:29:35 GMT" skipped="0">
  <testcase classname="com.vtiger.campaignTest.CreateCampaignTest" name="createCampaignTest" time="12.821"/>
</testsuite> <!-- com.vtiger.campaignTest.CreateCampaignTest -->
