<?xml version="1.0" encoding="UTF-8"?>
<!-- Generated by org.testng.reporters.JUnitReportReporter -->
<testsuite hostname="Ganesh" failures="0" tests="1" name="com.vtiger.contactsTest.CreateContactWithOrganizationTest" time="34.554" errors="0" timestamp="20 May 2022 10:38:02 GMT" skipped="0">
  <testcase classname="com.vtiger.contactsTest.CreateContactWithOrganizationTest" name="createContactWithOrganizationTest" time="34.554"/>
</testsuite> <!-- com.vtiger.contactsTest.CreateContactWithOrganizationTest -->
